<?xml version="1.0" encoding="UTF-8"?>
<!-- Generated by org.testng.reporters.JUnitXMLReporter -->
<testsuite hostname="DESKTOP-J4KDHVA" name="Maunika" tests="4" failures="0" timestamp="23 Jul 2021 04:31:43 GMT" time="5.55" errors="0">
  <testcase name="addEmp" time="0.011" classname="myPack.Maunika"/>
  <testcase name="deleteEmp" time="0.0" classname="myPack.Maunika"/>
  <testcase name="editEmp" time="0.0" classname="myPack.Maunika"/>
  <testcase name="verifyLogin" time="5.518" classname="myPack.Maunika"/>
</testsuite> <!-- Maunika -->
